C:\Users\cognizantdotnet31\source\repos\SchoolSystem\BusinessService\BusinessService.Data\BusinessServiceDbContext.cs

C:\Users\cognizantdotnet31\source\repos\SchoolSystem\BusinessService\BusinessService.Data\Migrations\20200504070704_SchoolDb.cs
Up 40
Up -1
Down 57
Down -1

C:\Users\cognizantdotnet31\source\repos\SchoolSystem\BusinessService\BusinessService.Data\Migrations\20200504070704_SchoolDb.Designer.cs
BuildTargetModel 4
BuildTargetModel -1

C:\Users\cognizantdotnet31\source\repos\SchoolSystem\BusinessService\BusinessService.Data\Migrations\20200504072002_SchoolDbSecond.cs
Up 5
Up -1
Down 3
Down -1

C:\Users\cognizantdotnet31\source\repos\SchoolSystem\BusinessService\BusinessService.Data\Migrations\20200504072002_SchoolDbSecond.Designer.cs
BuildTargetModel 3
BuildTargetModel -1

C:\Users\cognizantdotnet31\source\repos\SchoolSystem\BusinessService\BusinessService.Data\Migrations\BusinessServiceDbContextModelSnapshot.cs
BuildModel 3
BuildModel -1

C:\Users\cognizantdotnet31\source\repos\SchoolSystem\BusinessService\BusinessService.Data\Repositories\GenericRepository.cs
Add 4
Add -1
Delete 3
Delete -1
GetAll 16
GetAll -1
GetById 6
GetById -1
Update 9
Update -1

C:\Users\cognizantdotnet31\AppData\Local\Temp\.NETCoreApp,Version=v3.1.AssemblyAttributes.cs

C:\Users\cognizantdotnet31\source\repos\SchoolSystem\BusinessService\BusinessService.Data\obj\Debug\netcoreapp3.1\BusinessService.Data.AssemblyInfo.cs

