C:\Users\cognizantdotnet31\source\repos\SchoolSystem\BusinessService\BusinessService.Api\Controllers\SchoolController.cs
GetSchool 3
GetSchool -1
GetSchool 3
GetSchool -1
PutSchool 2
PutSchool -1
PostSchool 3
PostSchool -1
DeleteSchool 3
DeleteSchool -1
SchoolExists 3
SchoolExists -1

C:\Users\cognizantdotnet31\source\repos\SchoolSystem\BusinessService\BusinessService.Api\Controllers\StandardsController.cs
GetStandards 3
GetStandards -1
GetStandard 3
GetStandard -1
PutStandard 2
PutStandard -1
PostStandard 2
PostStandard -1
DeleteStandard 1
DeleteStandard -1
StandardExists 2
StandardExists -1

C:\Users\cognizantdotnet31\source\repos\SchoolSystem\BusinessService\BusinessService.Api\Controllers\StudentsController.cs
GetStudent 7
GetStudent -1
GetStudent 27
GetStudent -1
PutSchool 6
PutSchool -1
AddStudent 3
AddStudent -1
DeleteStudent 3
DeleteStudent -1

C:\Users\cognizantdotnet31\source\repos\SchoolSystem\BusinessService\BusinessService.Api\Program.cs
Main 8
Main -1
CreateHostBuilder 3
CreateHostBuilder -1

C:\Users\cognizantdotnet31\source\repos\SchoolSystem\BusinessService\BusinessService.Api\Startup.cs
ConfigureServices 4
ConfigureServices -1
Configure 3
Configure -1

C:\Users\cognizantdotnet31\source\repos\SchoolSystem\BusinessService\BusinessService.Api\UnitOfWork.cs
Commit 4
Commit -1
Dispose 4
Dispose -1
Dispose 9
Dispose -1

C:\Users\cognizantdotnet31\AppData\Local\Temp\.NETCoreApp,Version=v3.1.AssemblyAttributes.cs

C:\Users\cognizantdotnet31\source\repos\SchoolSystem\BusinessService\BusinessService.Api\obj\Debug\netcoreapp3.1\BusinessService.Api.MvcApplicationPartsAssemblyInfo.cs

C:\Users\cognizantdotnet31\source\repos\SchoolSystem\BusinessService\BusinessService.Api\obj\Debug\netcoreapp3.1\BusinessService.Api.AssemblyInfo.cs

