C:\Users\cognizantdotnet31\source\repos\SchoolSystem\BusinessService\BusinessService.Data\BusinessServiceDbContext.cs

C:\Users\cognizantdotnet31\source\repos\SchoolSystem\BusinessService\BusinessService.Data\Migrations Old\20200504070704_SchoolDb.cs
Up 49
Up -1
Down 127
Down -1

C:\Users\cognizantdotnet31\source\repos\SchoolSystem\BusinessService\BusinessService.Data\Migrations Old\20200504070704_SchoolDb.Designer.cs
BuildTargetModel 5
BuildTargetModel -1

C:\Users\cognizantdotnet31\source\repos\SchoolSystem\BusinessService\BusinessService.Data\Migrations Old\20200504072002_SchoolDbSecond.cs
Up 5
Up -1
Down 3
Down -1

C:\Users\cognizantdotnet31\source\repos\SchoolSystem\BusinessService\BusinessService.Data\Migrations Old\20200504072002_SchoolDbSecond.Designer.cs
BuildTargetModel 3
BuildTargetModel -1

C:\Users\cognizantdotnet31\source\repos\SchoolSystem\BusinessService\BusinessService.Data\Migrations Old\BusinessServiceDbContextModelSnapshot.cs
BuildModel 3
BuildModel -1

C:\Users\cognizantdotnet31\source\repos\SchoolSystem\BusinessService\BusinessService.Data\Repositories\GenericRepository.cs
Add 4
Add -1
Delete 4
Delete -1
GetAll 21
GetAll -1
GetById 4
GetById -1
Update 9
Update -1

C:\Users\cognizantdotnet31\AppData\Local\Temp\.NETCoreApp,Version=v3.1.AssemblyAttributes.cs

C:\Users\cognizantdotnet31\source\repos\SchoolSystem\BusinessService\BusinessService.Data\obj\Debug\netcoreapp3.1\BusinessService.Data.AssemblyInfo.cs

