C:\Users\cognizantdotnet31\source\repos\SchoolSystem\BusinessService\BusinessService.Domain\IUnitofWork.cs
Commit 8
Commit -1

C:\Users\cognizantdotnet31\source\repos\SchoolSystem\BusinessService\BusinessService.Domain\Models\School.cs

C:\Users\cognizantdotnet31\source\repos\SchoolSystem\BusinessService\BusinessService.Domain\Models\Standard.cs

C:\Users\cognizantdotnet31\source\repos\SchoolSystem\BusinessService\BusinessService.Domain\Models\Student.cs

C:\Users\cognizantdotnet31\source\repos\SchoolSystem\BusinessService\BusinessService.Domain\Repositories\IRepository.cs
GetAll 5
GetAll -1
GetById 12
GetById -1
Add 9
Add -1
Update 6
Update -1
Delete 10
Delete -1

C:\Users\cognizantdotnet31\source\repos\SchoolSystem\BusinessService\BusinessService.Domain\Services\IStudentRepository.cs
GetFirstFiveStudents 12
GetFirstFiveStudents -1

C:\Users\cognizantdotnet31\AppData\Local\Temp\.NETCoreApp,Version=v3.1.AssemblyAttributes.cs

C:\Users\cognizantdotnet31\source\repos\SchoolSystem\BusinessService\BusinessService.Domain\obj\Debug\netcoreapp3.1\BusinessService.Domain.AssemblyInfo.cs

